\BOOKMARK [1][-]{section.1}{\376\377\000I\000n\000t\000r\000o\000d\000u\000c\000t\000i\000o\000n}{}% 1
\BOOKMARK [2][-]{subsection.1.1}{\376\377\000P\000u\000r\000p\000o\000s\000e}{section.1}% 2
\BOOKMARK [2][-]{subsection.1.2}{\376\377\000\301\000m\000b\000i\000t\000o\000\040\000d\000e\000l\000\040\000s\000i\000s\000t\000e\000m\000a}{section.1}% 3
\BOOKMARK [2][-]{subsection.1.3}{\376\377\000A\000c\000r\000o\000n\000y\000m\000s}{section.1}% 4
\BOOKMARK [2][-]{subsection.1.4}{\376\377\000R\000e\000f\000e\000r\000e\000n\000c\000e\000s}{section.1}% 5
\BOOKMARK [2][-]{subsection.1.5}{\376\377\000O\000v\000e\000r\000v\000i\000e\000w\000\040\000o\000f\000\040\000t\000h\000e\000\040\000D\000o\000c\000u\000m\000e\000n\000t}{section.1}% 6
\BOOKMARK [1][-]{section.2}{\376\377\000G\000e\000n\000e\000r\000a\000l\000\040\000D\000e\000s\000c\000i\000p\000t\000i\000o\000n\000s\000\040\000/\000\040\000w\000h\000a\000t\000\040\000i\000s\000\040\000P\000W\000A\000?}{}% 7
\BOOKMARK [2][-]{subsection.2.1}{\376\377\000P\000e\000r\000s\000p\000e\000c\000t\000i\000v\000e\000\040\000p\000r\000o\000d\000u\000c\000t\000s}{section.2}% 8
\BOOKMARK [2][-]{subsection.2.2}{\376\377\000P\000r\000o\000d\000u\000c\000t\000\040\000f\000u\000n\000c\000t\000i\000o\000n\000a\000l\000i\000t\000y}{section.2}% 9
\BOOKMARK [2][-]{subsection.2.3}{\376\377\000U\000s\000e\000r\000\040\000c\000h\000a\000r\000a\000c\000t\000e\000r\000i\000s\000t\000i\000c\000s}{section.2}% 10
\BOOKMARK [2][-]{subsection.2.4}{\376\377\000R\000e\000s\000t\000r\000i\000c\000t\000i\000n\000s}{section.2}% 11
\BOOKMARK [2][-]{subsection.2.5}{\376\377\000A\000s\000s\000u\000m\000p\000t\000i\000o\000n\000s\000\040\000a\000n\000d\000\040\000d\000e\000p\000e\000n\000d\000e\000n\000c\000i\000e\000s}{section.2}% 12
\BOOKMARK [2][-]{subsection.2.6}{\376\377\000F\000u\000t\000u\000r\000e\000\040\000r\000e\000q\000u\000i\000r\000e\000m\000e\000n\000t\000s}{section.2}% 13
\BOOKMARK [2][-]{subsection.2.7}{\376\377\000C\000o\000n\000c\000e\000p\000t\000s\000\040\000f\000r\000o\000m\000\040\000p\000w\000a}{section.2}% 14
\BOOKMARK [1][-]{section.3}{\376\377\000S\000p\000e\000c\000i\000f\000i\000c\000\040\000R\000e\000q\000u\000i\000r\000e\000m\000e\000n\000t\000s\000\040\000f\000o\000r\000\040\000P\000W\000A\000s}{}% 15
\BOOKMARK [2][-]{subsection.3.1}{\376\377\000E\000x\000t\000e\000r\000n\000a\000l\000\040\000I\000n\000t\000e\000r\000f\000a\000c\000e\000s}{section.3}% 16
\BOOKMARK [2][-]{subsection.3.2}{\376\377\000F\000u\000n\000c\000t\000i\000o\000n\000s}{section.3}% 17
\BOOKMARK [2][-]{subsection.3.3}{\376\377\000P\000e\000r\000f\000o\000r\000m\000a\000n\000c\000e\000\040\000R\000e\000q\000u\000i\000r\000e\000m\000e\000n\000t\000s}{section.3}% 18
\BOOKMARK [2][-]{subsection.3.4}{\376\377\000D\000e\000s\000i\000g\000n\000\040\000C\000o\000n\000s\000t\000r\000a\000i\000n\000t\000s}{section.3}% 19
\BOOKMARK [1][-]{section.4}{\376\377\000S\000O\000A\000\040\000\050\000S\000e\000r\000v\000i\000c\000e\000-\000O\000r\000i\000e\000n\000t\000e\000d\000\040\000A\000r\000c\000h\000i\000t\000e\000c\000t\000u\000r\000e\000\051}{}% 20
\BOOKMARK [2][-]{subsection.4.1}{\376\377\000a\000d\000v\000a\000n\000t\000a\000g\000e\000s}{section.4}% 21
\BOOKMARK [2][-]{subsection.4.2}{\376\377\000d\000i\000s\000a\000d\000v\000a\000n\000t\000a\000g\000e\000s}{section.4}% 22
\BOOKMARK [1][-]{section.5}{\376\377\000N\000a\000t\000i\000v\000e\000\040\000a\000p\000p\000\040\000a\000n\000d\000\040\000C\000r\000o\000s\000s\000-\000p\000l\000a\000t\000f\000o\000r\000m}{}% 23
\BOOKMARK [2][-]{subsection.5.1}{\376\377\000N\000a\000t\000i\000v\000e\000\040\000a\000p\000p}{section.5}% 24
\BOOKMARK [2][-]{subsection.5.2}{\376\377\000C\000r\000o\000s\000s\000-\000p\000l\000a\000t\000f\000o\000r\000m}{section.5}% 25
\BOOKMARK [1][-]{section.6}{\376\377\000A\000p\000p\000e\000n\000d\000i\000c\000e\000s}{}% 26
